<?xml version="1.0" encoding="UTF-8"?>
<!-- Generated by org.testng.reporters.JUnitReportReporter -->
<testsuite hostname="MININT-E3E06SM" name="com.decoristLegacy.testcases.Start_A_Project_1_Test" tests="1" failures="0" timestamp="18 Sep 2018 03:37:52 GMT" time="19.806" errors="0">
  <testcase name="start_a_project1_test" time="19.806" classname="com.decoristLegacy.testcases.Start_A_Project_1_Test"/>
</testsuite> <!-- com.decoristLegacy.testcases.Start_A_Project_1_Test -->
