<?xml version="1.0" encoding="UTF-8"?>
<!-- Generated by org.testng.reporters.JUnitReportReporter -->
<testsuite hostname="MININT-E3E06SM" name="com.decoristLegacy.testcases.Start_A_Project_1_Test" tests="1" failures="0" timestamp="14 Sep 2018 10:31:29 GMT" time="20.120" errors="0">
  <testcase name="start_a_project1_test" time="20.120" classname="com.decoristLegacy.testcases.Start_A_Project_1_Test"/>
</testsuite> <!-- com.decoristLegacy.testcases.Start_A_Project_1_Test -->
